<?xml version="1.0" encoding="UTF-8"?>
<robot generator="Robot 3.1.2 (Python 3.7.1 on win32)" generated="20190818 15:45:48.274" rpa="false">
<suite id="s1" name="Hello" source="D:\class_pyif\rf_demo\hello.robot">
<test id="s1-t1" name="test case">
<kw name="Log" library="BuiltIn">
<doc>Logs the given message with the given level.</doc>
<arguments>
<arg>hello robot framework</arg>
</arguments>
<msg timestamp="20190818 15:45:48.324" level="INFO">hello robot framework</msg>
<status status="PASS" starttime="20190818 15:45:48.324" endtime="20190818 15:45:48.324"></status>
</kw>
<status status="PASS" starttime="20190818 15:45:48.323" endtime="20190818 15:45:48.325" critical="yes"></status>
</test>
<status status="PASS" starttime="20190818 15:45:48.276" endtime="20190818 15:45:48.327"></status>
</suite>
<statistics>
<total>
<stat pass="1" fail="0">Critical Tests</stat>
<stat pass="1" fail="0">All Tests</stat>
</total>
<tag>
</tag>
<suite>
<stat pass="1" fail="0" id="s1" name="Hello">Hello</stat>
</suite>
</statistics>
<errors>
</errors>
</robot>
